{"__type":"$$EventMessageWorkflow","id":"b79e7972-a7ea-4035-a654-5348ac9071ca","ts":"2025-12-30T17:58:23.928+00:00","eventName":"n8n.workflow.started","message":"n8n.workflow.started","payload":{"executionId":"8","workflowId":"IbYYeoofYQ7kFBCS","isManual":false,"workflowName":"Peak Analyse - Test"}}
{"__type":"$$EventMessageConfirm","confirm":"b79e7972-a7ea-4035-a654-5348ac9071ca","ts":"2025-12-30T17:58:23.929+00:00","source":{"id":"0","name":"eventBus"}}
{"__type":"$$EventMessageNode","id":"032820a0-1c54-4c37-bcc0-255952e4320f","ts":"2025-12-30T17:58:23.931+00:00","eventName":"n8n.node.started","message":"n8n.node.started","payload":{"workflowId":"IbYYeoofYQ7kFBCS","workflowName":"Peak Analyse - Test","executionId":"8","nodeType":"n8n-nodes-base.manualTrigger","nodeName":"When clicking ‘Execute workflow’","nodeId":"6337a1b3-48c4-46ba-90d1-95ec9acb7eb1"}}
{"__type":"$$EventMessageConfirm","confirm":"032820a0-1c54-4c37-bcc0-255952e4320f","ts":"2025-12-30T17:58:23.931+00:00","source":{"id":"0","name":"eventBus"}}
{"__type":"$$EventMessageNode","id":"df488a29-93b1-4761-9289-00b8e9b1b90c","ts":"2025-12-30T17:58:23.943+00:00","eventName":"n8n.node.finished","message":"n8n.node.finished","payload":{"workflowId":"IbYYeoofYQ7kFBCS","workflowName":"Peak Analyse - Test","executionId":"8","nodeType":"n8n-nodes-base.manualTrigger","nodeName":"When clicking ‘Execute workflow’","nodeId":"6337a1b3-48c4-46ba-90d1-95ec9acb7eb1"}}
{"__type":"$$EventMessageConfirm","confirm":"df488a29-93b1-4761-9289-00b8e9b1b90c","ts":"2025-12-30T17:58:23.943+00:00","source":{"id":"0","name":"eventBus"}}
{"__type":"$$EventMessageNode","id":"9c55b618-81ef-409d-806b-8c40595f4321","ts":"2025-12-30T17:58:23.945+00:00","eventName":"n8n.node.started","message":"n8n.node.started","payload":{"workflowId":"IbYYeoofYQ7kFBCS","workflowName":"Peak Analyse - Test","executionId":"8","nodeType":"n8n-nodes-base.readWriteFile","nodeName":"Read/Write Files from Disk","nodeId":"61ed2754-b146-475e-a522-c685cc64b030"}}
{"__type":"$$EventMessageConfirm","confirm":"9c55b618-81ef-409d-806b-8c40595f4321","ts":"2025-12-30T17:58:23.945+00:00","source":{"id":"0","name":"eventBus"}}
{"__type":"$$EventMessageNode","id":"5480af11-e4e6-4881-b1f9-d5c8549e3013","ts":"2025-12-30T17:58:24.131+00:00","eventName":"n8n.node.finished","message":"n8n.node.finished","payload":{"workflowId":"IbYYeoofYQ7kFBCS","workflowName":"Peak Analyse - Test","executionId":"8","nodeType":"n8n-nodes-base.readWriteFile","nodeName":"Read/Write Files from Disk","nodeId":"61ed2754-b146-475e-a522-c685cc64b030"}}
{"__type":"$$EventMessageConfirm","confirm":"5480af11-e4e6-4881-b1f9-d5c8549e3013","ts":"2025-12-30T17:58:24.131+00:00","source":{"id":"0","name":"eventBus"}}
{"__type":"$$EventMessageWorkflow","id":"d5a54d55-4cfb-4975-bf05-ee1ea532f90c","ts":"2025-12-30T17:58:24.146+00:00","eventName":"n8n.workflow.success","message":"n8n.workflow.success","payload":{"userId":"69ba50e5-0603-42ac-a582-21cbb9d588be","executionId":"8","success":true,"isManual":true,"workflowId":"IbYYeoofYQ7kFBCS","workflowName":"Peak Analyse - Test"}}
{"__type":"$$EventMessageConfirm","confirm":"d5a54d55-4cfb-4975-bf05-ee1ea532f90c","ts":"2025-12-30T17:58:24.146+00:00","source":{"id":"0","name":"eventBus"}}
{"__type":"$$EventMessageWorkflow","id":"2b0b82fa-13aa-434a-8a28-092649d7bd93","ts":"2025-12-30T18:00:15.934+00:00","eventName":"n8n.workflow.started","message":"n8n.workflow.started","payload":{"executionId":"9","workflowId":"IbYYeoofYQ7kFBCS","isManual":false,"workflowName":"Peak Analyse - Test"}}
{"__type":"$$EventMessageConfirm","confirm":"2b0b82fa-13aa-434a-8a28-092649d7bd93","ts":"2025-12-30T18:00:15.935+00:00","source":{"id":"0","name":"eventBus"}}
{"__type":"$$EventMessageNode","id":"d0fd5b5d-3eaa-493a-add6-6adae21118ce","ts":"2025-12-30T18:00:15.939+00:00","eventName":"n8n.node.started","message":"n8n.node.started","payload":{"workflowId":"IbYYeoofYQ7kFBCS","workflowName":"Peak Analyse - Test","executionId":"9","nodeType":"n8n-nodes-base.extractFromFile","nodeName":"Extract from File","nodeId":"6a74f2f8-a0c7-470a-b4c7-58d163097817"}}
{"__type":"$$EventMessageConfirm","confirm":"d0fd5b5d-3eaa-493a-add6-6adae21118ce","ts":"2025-12-30T18:00:15.939+00:00","source":{"id":"0","name":"eventBus"}}
{"__type":"$$EventMessageNode","id":"ad7b7f27-e8c6-429b-b89e-e9b32a307b4f","ts":"2025-12-30T18:00:16.102+00:00","eventName":"n8n.node.finished","message":"n8n.node.finished","payload":{"workflowId":"IbYYeoofYQ7kFBCS","workflowName":"Peak Analyse - Test","executionId":"9","nodeType":"n8n-nodes-base.extractFromFile","nodeName":"Extract from File","nodeId":"6a74f2f8-a0c7-470a-b4c7-58d163097817"}}
{"__type":"$$EventMessageConfirm","confirm":"ad7b7f27-e8c6-429b-b89e-e9b32a307b4f","ts":"2025-12-30T18:00:16.102+00:00","source":{"id":"0","name":"eventBus"}}
{"__type":"$$EventMessageWorkflow","id":"0f4cf503-0625-421f-b86a-75ad17ae7690","ts":"2025-12-30T18:00:16.110+00:00","eventName":"n8n.workflow.success","message":"n8n.workflow.success","payload":{"userId":"69ba50e5-0603-42ac-a582-21cbb9d588be","executionId":"9","success":true,"isManual":true,"workflowId":"IbYYeoofYQ7kFBCS","workflowName":"Peak Analyse - Test"}}
{"__type":"$$EventMessageConfirm","confirm":"0f4cf503-0625-421f-b86a-75ad17ae7690","ts":"2025-12-30T18:00:16.110+00:00","source":{"id":"0","name":"eventBus"}}
{"__type":"$$EventMessageWorkflow","id":"d1a516e5-f708-4f55-bc3a-6120eb636b43","ts":"2025-12-30T18:01:16.655+00:00","eventName":"n8n.workflow.started","message":"n8n.workflow.started","payload":{"executionId":"10","workflowId":"IbYYeoofYQ7kFBCS","isManual":false,"workflowName":"Peak Analyse - Test"}}
{"__type":"$$EventMessageConfirm","confirm":"d1a516e5-f708-4f55-bc3a-6120eb636b43","ts":"2025-12-30T18:01:16.655+00:00","source":{"id":"0","name":"eventBus"}}
{"__type":"$$EventMessageNode","id":"8ba0755d-b46a-4240-a600-5d6594ab92d3","ts":"2025-12-30T18:01:16.658+00:00","eventName":"n8n.node.started","message":"n8n.node.started","payload":{"workflowId":"IbYYeoofYQ7kFBCS","workflowName":"Peak Analyse - Test","executionId":"10","nodeType":"n8n-nodes-base.code","nodeName":"Code in JavaScript","nodeId":"bd896b17-0148-423f-bf7a-8682f0a2cfdf"}}
{"__type":"$$EventMessageConfirm","confirm":"8ba0755d-b46a-4240-a600-5d6594ab92d3","ts":"2025-12-30T18:01:16.658+00:00","source":{"id":"0","name":"eventBus"}}
{"__type":"$$EventMessageRunner","id":"7eda748c-18df-414e-b28e-9ef657a59563","ts":"2025-12-30T18:01:16.665+00:00","eventName":"n8n.runner.task.requested","message":"n8n.runner.task.requested","payload":{"taskId":"NrJxpLuU","nodeId":"bd896b17-0148-423f-bf7a-8682f0a2cfdf","workflowId":"IbYYeoofYQ7kFBCS","executionId":"10"}}
{"__type":"$$EventMessageConfirm","confirm":"7eda748c-18df-414e-b28e-9ef657a59563","ts":"2025-12-30T18:01:16.666+00:00","source":{"id":"0","name":"eventBus"}}
{"__type":"$$EventMessageRunner","id":"ebcb3228-74b8-4940-85ef-8d475beb62c0","ts":"2025-12-30T18:01:16.777+00:00","eventName":"n8n.runner.response.received","message":"n8n.runner.response.received","payload":{"taskId":"NrJxpLuU","nodeId":"bd896b17-0148-423f-bf7a-8682f0a2cfdf","workflowId":"IbYYeoofYQ7kFBCS","executionId":"10"}}
{"__type":"$$EventMessageConfirm","confirm":"ebcb3228-74b8-4940-85ef-8d475beb62c0","ts":"2025-12-30T18:01:16.777+00:00","source":{"id":"0","name":"eventBus"}}
{"__type":"$$EventMessageNode","id":"8f6e65da-7937-4cc7-a97f-84a1fa73fb0b","ts":"2025-12-30T18:01:16.830+00:00","eventName":"n8n.node.finished","message":"n8n.node.finished","payload":{"workflowId":"IbYYeoofYQ7kFBCS","workflowName":"Peak Analyse - Test","executionId":"10","nodeType":"n8n-nodes-base.code","nodeName":"Code in JavaScript","nodeId":"bd896b17-0148-423f-bf7a-8682f0a2cfdf"}}
{"__type":"$$EventMessageConfirm","confirm":"8f6e65da-7937-4cc7-a97f-84a1fa73fb0b","ts":"2025-12-30T18:01:16.830+00:00","source":{"id":"0","name":"eventBus"}}
{"__type":"$$EventMessageWorkflow","id":"8e5a10ad-8915-4501-8ae5-8e6f5efe654d","ts":"2025-12-30T18:01:16.835+00:00","eventName":"n8n.workflow.failed","message":"n8n.workflow.failed","payload":{"userId":"69ba50e5-0603-42ac-a582-21cbb9d588be","executionId":"10","success":false,"isManual":true,"workflowId":"IbYYeoofYQ7kFBCS","workflowName":"Peak Analyse - Test","lastNodeExecuted":"Code in JavaScript","errorMessage":"A 'json' property isn't an object [item 0]"}}
{"__type":"$$EventMessageConfirm","confirm":"8e5a10ad-8915-4501-8ae5-8e6f5efe654d","ts":"2025-12-30T18:01:16.836+00:00","source":{"id":"0","name":"eventBus"}}
