{"__type":"$$EventMessageWorkflow","id":"b3e61043-ddb9-4f05-8387-7992edf7b2aa","ts":"2025-12-30T15:35:52.179+00:00","eventName":"n8n.workflow.started","message":"n8n.workflow.started","payload":{"executionId":"5","workflowId":"IbYYeoofYQ7kFBCS","isManual":false,"workflowName":"Peak Analyse - Test"}}
{"__type":"$$EventMessageConfirm","confirm":"b3e61043-ddb9-4f05-8387-7992edf7b2aa","ts":"2025-12-30T15:35:52.180+00:00","source":{"id":"0","name":"eventBus"}}
{"__type":"$$EventMessageNode","id":"12fb6dee-70fd-464f-8f35-3cb2031cb9c5","ts":"2025-12-30T15:35:52.184+00:00","eventName":"n8n.node.started","message":"n8n.node.started","payload":{"workflowId":"IbYYeoofYQ7kFBCS","workflowName":"Peak Analyse - Test","executionId":"5","nodeType":"n8n-nodes-base.manualTrigger","nodeName":"When clicking ‘Execute workflow’","nodeId":"6337a1b3-48c4-46ba-90d1-95ec9acb7eb1"}}
{"__type":"$$EventMessageConfirm","confirm":"12fb6dee-70fd-464f-8f35-3cb2031cb9c5","ts":"2025-12-30T15:35:52.185+00:00","source":{"id":"0","name":"eventBus"}}
{"__type":"$$EventMessageNode","id":"dea141de-4e18-4083-a5c8-bf87179e8542","ts":"2025-12-30T15:35:52.192+00:00","eventName":"n8n.node.finished","message":"n8n.node.finished","payload":{"workflowId":"IbYYeoofYQ7kFBCS","workflowName":"Peak Analyse - Test","executionId":"5","nodeType":"n8n-nodes-base.manualTrigger","nodeName":"When clicking ‘Execute workflow’","nodeId":"6337a1b3-48c4-46ba-90d1-95ec9acb7eb1"}}
{"__type":"$$EventMessageConfirm","confirm":"dea141de-4e18-4083-a5c8-bf87179e8542","ts":"2025-12-30T15:35:52.193+00:00","source":{"id":"0","name":"eventBus"}}
{"__type":"$$EventMessageNode","id":"5b8bb394-d198-4f28-9831-dd79b84236c6","ts":"2025-12-30T15:35:52.194+00:00","eventName":"n8n.node.started","message":"n8n.node.started","payload":{"workflowId":"IbYYeoofYQ7kFBCS","workflowName":"Peak Analyse - Test","executionId":"5","nodeType":"n8n-nodes-base.readWriteFile","nodeName":"Read/Write Files from Disk","nodeId":"b0466403-5246-4d6a-9272-5610079a3360"}}
{"__type":"$$EventMessageConfirm","confirm":"5b8bb394-d198-4f28-9831-dd79b84236c6","ts":"2025-12-30T15:35:52.195+00:00","source":{"id":"0","name":"eventBus"}}
{"__type":"$$EventMessageNode","id":"363d9a85-9ee9-472f-ac72-5af5f3cb29dd","ts":"2025-12-30T15:35:52.341+00:00","eventName":"n8n.node.finished","message":"n8n.node.finished","payload":{"workflowId":"IbYYeoofYQ7kFBCS","workflowName":"Peak Analyse - Test","executionId":"5","nodeType":"n8n-nodes-base.readWriteFile","nodeName":"Read/Write Files from Disk","nodeId":"b0466403-5246-4d6a-9272-5610079a3360"}}
{"__type":"$$EventMessageConfirm","confirm":"363d9a85-9ee9-472f-ac72-5af5f3cb29dd","ts":"2025-12-30T15:35:52.341+00:00","source":{"id":"0","name":"eventBus"}}
{"__type":"$$EventMessageWorkflow","id":"a22922cf-f6c7-46f8-ba46-93a8f74cc8c3","ts":"2025-12-30T15:35:52.351+00:00","eventName":"n8n.workflow.success","message":"n8n.workflow.success","payload":{"userId":"69ba50e5-0603-42ac-a582-21cbb9d588be","executionId":"5","success":true,"isManual":true,"workflowId":"IbYYeoofYQ7kFBCS","workflowName":"Peak Analyse - Test"}}
{"__type":"$$EventMessageConfirm","confirm":"a22922cf-f6c7-46f8-ba46-93a8f74cc8c3","ts":"2025-12-30T15:35:52.351+00:00","source":{"id":"0","name":"eventBus"}}
{"__type":"$$EventMessageWorkflow","id":"6234d8fd-810e-4876-8cb7-dda4158765fc","ts":"2025-12-30T15:38:12.639+00:00","eventName":"n8n.workflow.started","message":"n8n.workflow.started","payload":{"executionId":"6","workflowId":"IbYYeoofYQ7kFBCS","isManual":false,"workflowName":"Peak Analyse - Test"}}
{"__type":"$$EventMessageConfirm","confirm":"6234d8fd-810e-4876-8cb7-dda4158765fc","ts":"2025-12-30T15:38:12.640+00:00","source":{"id":"0","name":"eventBus"}}
{"__type":"$$EventMessageNode","id":"56347518-65ad-4ef4-b307-f89ef85ee207","ts":"2025-12-30T15:38:12.642+00:00","eventName":"n8n.node.started","message":"n8n.node.started","payload":{"workflowId":"IbYYeoofYQ7kFBCS","workflowName":"Peak Analyse - Test","executionId":"6","nodeType":"n8n-nodes-base.extractFromFile","nodeName":"Extract from File","nodeId":"86333025-20b7-42b5-ac52-952d5a002ca7"}}
{"__type":"$$EventMessageConfirm","confirm":"56347518-65ad-4ef4-b307-f89ef85ee207","ts":"2025-12-30T15:38:12.643+00:00","source":{"id":"0","name":"eventBus"}}
{"__type":"$$EventMessageNode","id":"24ac482a-c847-4cd5-bab5-84ed58b09ea1","ts":"2025-12-30T15:38:12.734+00:00","eventName":"n8n.node.finished","message":"n8n.node.finished","payload":{"workflowId":"IbYYeoofYQ7kFBCS","workflowName":"Peak Analyse - Test","executionId":"6","nodeType":"n8n-nodes-base.extractFromFile","nodeName":"Extract from File","nodeId":"86333025-20b7-42b5-ac52-952d5a002ca7"}}
{"__type":"$$EventMessageConfirm","confirm":"24ac482a-c847-4cd5-bab5-84ed58b09ea1","ts":"2025-12-30T15:38:12.734+00:00","source":{"id":"0","name":"eventBus"}}
{"__type":"$$EventMessageWorkflow","id":"d5584dd6-71fe-4768-b417-c3d1aafaefd7","ts":"2025-12-30T15:38:12.737+00:00","eventName":"n8n.workflow.success","message":"n8n.workflow.success","payload":{"userId":"69ba50e5-0603-42ac-a582-21cbb9d588be","executionId":"6","success":true,"isManual":true,"workflowId":"IbYYeoofYQ7kFBCS","workflowName":"Peak Analyse - Test"}}
{"__type":"$$EventMessageConfirm","confirm":"d5584dd6-71fe-4768-b417-c3d1aafaefd7","ts":"2025-12-30T15:38:12.737+00:00","source":{"id":"0","name":"eventBus"}}
{"__type":"$$EventMessageWorkflow","id":"4ea79510-3dc1-432d-9259-b72f20831433","ts":"2025-12-30T15:41:45.805+00:00","eventName":"n8n.workflow.started","message":"n8n.workflow.started","payload":{"executionId":"7","workflowId":"IbYYeoofYQ7kFBCS","isManual":false,"workflowName":"Peak Analyse - Test"}}
{"__type":"$$EventMessageConfirm","confirm":"4ea79510-3dc1-432d-9259-b72f20831433","ts":"2025-12-30T15:41:45.805+00:00","source":{"id":"0","name":"eventBus"}}
{"__type":"$$EventMessageNode","id":"0537bb40-59a6-42b2-bfdd-b7ffac6be9cb","ts":"2025-12-30T15:41:45.808+00:00","eventName":"n8n.node.started","message":"n8n.node.started","payload":{"workflowId":"IbYYeoofYQ7kFBCS","workflowName":"Peak Analyse - Test","executionId":"7","nodeType":"n8n-nodes-base.code","nodeName":"Code in Python (Native)","nodeId":"194d755f-e173-4fd1-a937-33e6a0f0429f"}}
{"__type":"$$EventMessageConfirm","confirm":"0537bb40-59a6-42b2-bfdd-b7ffac6be9cb","ts":"2025-12-30T15:41:45.808+00:00","source":{"id":"0","name":"eventBus"}}
{"__type":"$$EventMessageNode","id":"cbadf34e-2e0b-45df-9bbe-5a47b8e503b0","ts":"2025-12-30T15:41:45.866+00:00","eventName":"n8n.node.finished","message":"n8n.node.finished","payload":{"workflowId":"IbYYeoofYQ7kFBCS","workflowName":"Peak Analyse - Test","executionId":"7","nodeType":"n8n-nodes-base.code","nodeName":"Code in Python (Native)","nodeId":"194d755f-e173-4fd1-a937-33e6a0f0429f"}}
{"__type":"$$EventMessageConfirm","confirm":"cbadf34e-2e0b-45df-9bbe-5a47b8e503b0","ts":"2025-12-30T15:41:45.867+00:00","source":{"id":"0","name":"eventBus"}}
{"__type":"$$EventMessageWorkflow","id":"222cddf4-d342-482c-9143-431be0c2672d","ts":"2025-12-30T15:41:45.875+00:00","eventName":"n8n.workflow.failed","message":"n8n.workflow.failed","payload":{"userId":"69ba50e5-0603-42ac-a582-21cbb9d588be","executionId":"7","success":false,"isManual":true,"workflowId":"IbYYeoofYQ7kFBCS","workflowName":"Peak Analyse - Test","lastNodeExecuted":"Code in Python (Native)","errorMessage":"Python runner unavailable: Python 3 is missing from this system"}}
{"__type":"$$EventMessageConfirm","confirm":"222cddf4-d342-482c-9143-431be0c2672d","ts":"2025-12-30T15:41:45.875+00:00","source":{"id":"0","name":"eventBus"}}
