{"__type":"$$EventMessageWorkflow","id":"377b2511-980d-4fea-a8b5-bb3a69053739","ts":"2025-12-30T18:19:55.681+00:00","eventName":"n8n.workflow.started","message":"n8n.workflow.started","payload":{"executionId":"11","workflowId":"IbYYeoofYQ7kFBCS","isManual":false,"workflowName":"Peak Analyse - Test"}}
{"__type":"$$EventMessageConfirm","confirm":"377b2511-980d-4fea-a8b5-bb3a69053739","ts":"2025-12-30T18:19:55.682+00:00","source":{"id":"0","name":"eventBus"}}
{"__type":"$$EventMessageNode","id":"b1f0ad98-125f-422d-ba88-0415dc1707f1","ts":"2025-12-30T18:19:55.684+00:00","eventName":"n8n.node.started","message":"n8n.node.started","payload":{"workflowId":"IbYYeoofYQ7kFBCS","workflowName":"Peak Analyse - Test","executionId":"11","nodeType":"n8n-nodes-base.manualTrigger","nodeName":"When clicking ‘Execute workflow’","nodeId":"6337a1b3-48c4-46ba-90d1-95ec9acb7eb1"}}
{"__type":"$$EventMessageConfirm","confirm":"b1f0ad98-125f-422d-ba88-0415dc1707f1","ts":"2025-12-30T18:19:55.684+00:00","source":{"id":"0","name":"eventBus"}}
{"__type":"$$EventMessageNode","id":"d9df70f9-74fe-4767-a08e-10cf6156cb68","ts":"2025-12-30T18:19:55.696+00:00","eventName":"n8n.node.finished","message":"n8n.node.finished","payload":{"workflowId":"IbYYeoofYQ7kFBCS","workflowName":"Peak Analyse - Test","executionId":"11","nodeType":"n8n-nodes-base.manualTrigger","nodeName":"When clicking ‘Execute workflow’","nodeId":"6337a1b3-48c4-46ba-90d1-95ec9acb7eb1"}}
{"__type":"$$EventMessageConfirm","confirm":"d9df70f9-74fe-4767-a08e-10cf6156cb68","ts":"2025-12-30T18:19:55.696+00:00","source":{"id":"0","name":"eventBus"}}
{"__type":"$$EventMessageNode","id":"23f651e6-f5fb-442c-be92-5fe857a6a1b2","ts":"2025-12-30T18:19:55.698+00:00","eventName":"n8n.node.started","message":"n8n.node.started","payload":{"workflowId":"IbYYeoofYQ7kFBCS","workflowName":"Peak Analyse - Test","executionId":"11","nodeType":"n8n-nodes-base.readWriteFile","nodeName":"Read/Write Files from Disk","nodeId":"e4db5251-1cae-43ae-8797-7937954692e9"}}
{"__type":"$$EventMessageConfirm","confirm":"23f651e6-f5fb-442c-be92-5fe857a6a1b2","ts":"2025-12-30T18:19:55.698+00:00","source":{"id":"0","name":"eventBus"}}
{"__type":"$$EventMessageNode","id":"8ce3fd57-b4f5-467e-a132-9ea8ef6c26d3","ts":"2025-12-30T18:19:55.812+00:00","eventName":"n8n.node.finished","message":"n8n.node.finished","payload":{"workflowId":"IbYYeoofYQ7kFBCS","workflowName":"Peak Analyse - Test","executionId":"11","nodeType":"n8n-nodes-base.readWriteFile","nodeName":"Read/Write Files from Disk","nodeId":"e4db5251-1cae-43ae-8797-7937954692e9"}}
{"__type":"$$EventMessageConfirm","confirm":"8ce3fd57-b4f5-467e-a132-9ea8ef6c26d3","ts":"2025-12-30T18:19:55.813+00:00","source":{"id":"0","name":"eventBus"}}
{"__type":"$$EventMessageWorkflow","id":"31abec68-718c-4da8-9df1-3dfab0dcde19","ts":"2025-12-30T18:19:55.840+00:00","eventName":"n8n.workflow.success","message":"n8n.workflow.success","payload":{"userId":"69ba50e5-0603-42ac-a582-21cbb9d588be","executionId":"11","success":true,"isManual":true,"workflowId":"IbYYeoofYQ7kFBCS","workflowName":"Peak Analyse - Test"}}
{"__type":"$$EventMessageConfirm","confirm":"31abec68-718c-4da8-9df1-3dfab0dcde19","ts":"2025-12-30T18:19:55.840+00:00","source":{"id":"0","name":"eventBus"}}
{"__type":"$$EventMessageWorkflow","id":"e0132ab2-3eba-4986-ae5d-bcc6a2265ad9","ts":"2025-12-30T18:20:17.047+00:00","eventName":"n8n.workflow.started","message":"n8n.workflow.started","payload":{"executionId":"12","workflowId":"IbYYeoofYQ7kFBCS","isManual":false,"workflowName":"Peak Analyse - Test"}}
{"__type":"$$EventMessageConfirm","confirm":"e0132ab2-3eba-4986-ae5d-bcc6a2265ad9","ts":"2025-12-30T18:20:17.047+00:00","source":{"id":"0","name":"eventBus"}}
{"__type":"$$EventMessageNode","id":"dc5ca53f-98ed-4288-bab4-2d89a0ef987a","ts":"2025-12-30T18:20:17.049+00:00","eventName":"n8n.node.started","message":"n8n.node.started","payload":{"workflowId":"IbYYeoofYQ7kFBCS","workflowName":"Peak Analyse - Test","executionId":"12","nodeType":"n8n-nodes-base.extractFromFile","nodeName":"Extract from File","nodeId":"9ecfcc74-444e-4597-9813-c4c19eee6312"}}
{"__type":"$$EventMessageConfirm","confirm":"dc5ca53f-98ed-4288-bab4-2d89a0ef987a","ts":"2025-12-30T18:20:17.049+00:00","source":{"id":"0","name":"eventBus"}}
{"__type":"$$EventMessageNode","id":"034f4849-d9b5-4f69-95af-74144d986ecf","ts":"2025-12-30T18:20:17.143+00:00","eventName":"n8n.node.finished","message":"n8n.node.finished","payload":{"workflowId":"IbYYeoofYQ7kFBCS","workflowName":"Peak Analyse - Test","executionId":"12","nodeType":"n8n-nodes-base.extractFromFile","nodeName":"Extract from File","nodeId":"9ecfcc74-444e-4597-9813-c4c19eee6312"}}
{"__type":"$$EventMessageConfirm","confirm":"034f4849-d9b5-4f69-95af-74144d986ecf","ts":"2025-12-30T18:20:17.143+00:00","source":{"id":"0","name":"eventBus"}}
{"__type":"$$EventMessageWorkflow","id":"b9fc2f50-56da-49d8-9e55-b60d0fc333c4","ts":"2025-12-30T18:20:17.146+00:00","eventName":"n8n.workflow.success","message":"n8n.workflow.success","payload":{"userId":"69ba50e5-0603-42ac-a582-21cbb9d588be","executionId":"12","success":true,"isManual":true,"workflowId":"IbYYeoofYQ7kFBCS","workflowName":"Peak Analyse - Test"}}
{"__type":"$$EventMessageConfirm","confirm":"b9fc2f50-56da-49d8-9e55-b60d0fc333c4","ts":"2025-12-30T18:20:17.146+00:00","source":{"id":"0","name":"eventBus"}}
{"__type":"$$EventMessageWorkflow","id":"64447293-dd1e-43ad-b069-566e282d9ab5","ts":"2025-12-30T18:21:23.588+00:00","eventName":"n8n.workflow.started","message":"n8n.workflow.started","payload":{"executionId":"13","workflowId":"IbYYeoofYQ7kFBCS","isManual":false,"workflowName":"Peak Analyse - Test"}}
{"__type":"$$EventMessageConfirm","confirm":"64447293-dd1e-43ad-b069-566e282d9ab5","ts":"2025-12-30T18:21:23.589+00:00","source":{"id":"0","name":"eventBus"}}
{"__type":"$$EventMessageNode","id":"27fbdc9a-e167-4521-92c1-684be3da3f3e","ts":"2025-12-30T18:21:23.593+00:00","eventName":"n8n.node.started","message":"n8n.node.started","payload":{"workflowId":"IbYYeoofYQ7kFBCS","workflowName":"Peak Analyse - Test","executionId":"13","nodeType":"n8n-nodes-base.manualTrigger","nodeName":"When clicking ‘Execute workflow’","nodeId":"6337a1b3-48c4-46ba-90d1-95ec9acb7eb1"}}
{"__type":"$$EventMessageConfirm","confirm":"27fbdc9a-e167-4521-92c1-684be3da3f3e","ts":"2025-12-30T18:21:23.593+00:00","source":{"id":"0","name":"eventBus"}}
{"__type":"$$EventMessageNode","id":"38d94b9a-6e19-4f40-9eac-49727612afd9","ts":"2025-12-30T18:21:23.595+00:00","eventName":"n8n.node.finished","message":"n8n.node.finished","payload":{"workflowId":"IbYYeoofYQ7kFBCS","workflowName":"Peak Analyse - Test","executionId":"13","nodeType":"n8n-nodes-base.manualTrigger","nodeName":"When clicking ‘Execute workflow’","nodeId":"6337a1b3-48c4-46ba-90d1-95ec9acb7eb1"}}
{"__type":"$$EventMessageConfirm","confirm":"38d94b9a-6e19-4f40-9eac-49727612afd9","ts":"2025-12-30T18:21:23.595+00:00","source":{"id":"0","name":"eventBus"}}
{"__type":"$$EventMessageNode","id":"86e3e6d7-b6f1-4772-adce-3e5c631ebae2","ts":"2025-12-30T18:21:23.600+00:00","eventName":"n8n.node.started","message":"n8n.node.started","payload":{"workflowId":"IbYYeoofYQ7kFBCS","workflowName":"Peak Analyse - Test","executionId":"13","nodeType":"n8n-nodes-base.readWriteFile","nodeName":"Read/Write Files from Disk","nodeId":"a4d63fd1-9f53-42cb-b07b-477b0510716b"}}
{"__type":"$$EventMessageConfirm","confirm":"86e3e6d7-b6f1-4772-adce-3e5c631ebae2","ts":"2025-12-30T18:21:23.601+00:00","source":{"id":"0","name":"eventBus"}}
{"__type":"$$EventMessageNode","id":"f7694e28-cc2f-4400-aefb-b24b5977e09a","ts":"2025-12-30T18:21:23.718+00:00","eventName":"n8n.node.finished","message":"n8n.node.finished","payload":{"workflowId":"IbYYeoofYQ7kFBCS","workflowName":"Peak Analyse - Test","executionId":"13","nodeType":"n8n-nodes-base.readWriteFile","nodeName":"Read/Write Files from Disk","nodeId":"a4d63fd1-9f53-42cb-b07b-477b0510716b"}}
{"__type":"$$EventMessageConfirm","confirm":"f7694e28-cc2f-4400-aefb-b24b5977e09a","ts":"2025-12-30T18:21:23.718+00:00","source":{"id":"0","name":"eventBus"}}
{"__type":"$$EventMessageWorkflow","id":"547566bd-353a-4795-bdd2-81c59c349ba2","ts":"2025-12-30T18:21:23.725+00:00","eventName":"n8n.workflow.success","message":"n8n.workflow.success","payload":{"userId":"69ba50e5-0603-42ac-a582-21cbb9d588be","executionId":"13","success":true,"isManual":true,"workflowId":"IbYYeoofYQ7kFBCS","workflowName":"Peak Analyse - Test"}}
{"__type":"$$EventMessageConfirm","confirm":"547566bd-353a-4795-bdd2-81c59c349ba2","ts":"2025-12-30T18:21:23.725+00:00","source":{"id":"0","name":"eventBus"}}
{"__type":"$$EventMessageWorkflow","id":"261d3431-51f3-497d-86c7-2bb94b6e0f19","ts":"2025-12-30T18:21:40.525+00:00","eventName":"n8n.workflow.started","message":"n8n.workflow.started","payload":{"executionId":"14","workflowId":"IbYYeoofYQ7kFBCS","isManual":false,"workflowName":"Peak Analyse - Test"}}
{"__type":"$$EventMessageConfirm","confirm":"261d3431-51f3-497d-86c7-2bb94b6e0f19","ts":"2025-12-30T18:21:40.526+00:00","source":{"id":"0","name":"eventBus"}}
{"__type":"$$EventMessageNode","id":"369e991e-5e28-48c9-81a0-63247f7443b5","ts":"2025-12-30T18:21:40.528+00:00","eventName":"n8n.node.started","message":"n8n.node.started","payload":{"workflowId":"IbYYeoofYQ7kFBCS","workflowName":"Peak Analyse - Test","executionId":"14","nodeType":"n8n-nodes-base.extractFromFile","nodeName":"Extract from File","nodeId":"3123dac2-28ad-4dd3-b5ec-27c910e21e48"}}
{"__type":"$$EventMessageConfirm","confirm":"369e991e-5e28-48c9-81a0-63247f7443b5","ts":"2025-12-30T18:21:40.528+00:00","source":{"id":"0","name":"eventBus"}}
{"__type":"$$EventMessageNode","id":"80d952d2-6fa0-4d6d-b6f8-c122d0fba438","ts":"2025-12-30T18:21:40.585+00:00","eventName":"n8n.node.finished","message":"n8n.node.finished","payload":{"workflowId":"IbYYeoofYQ7kFBCS","workflowName":"Peak Analyse - Test","executionId":"14","nodeType":"n8n-nodes-base.extractFromFile","nodeName":"Extract from File","nodeId":"3123dac2-28ad-4dd3-b5ec-27c910e21e48"}}
{"__type":"$$EventMessageConfirm","confirm":"80d952d2-6fa0-4d6d-b6f8-c122d0fba438","ts":"2025-12-30T18:21:40.585+00:00","source":{"id":"0","name":"eventBus"}}
{"__type":"$$EventMessageWorkflow","id":"7f8014f9-53d0-49ce-a84f-783b31f2cf0e","ts":"2025-12-30T18:21:40.588+00:00","eventName":"n8n.workflow.success","message":"n8n.workflow.success","payload":{"userId":"69ba50e5-0603-42ac-a582-21cbb9d588be","executionId":"14","success":true,"isManual":true,"workflowId":"IbYYeoofYQ7kFBCS","workflowName":"Peak Analyse - Test"}}
{"__type":"$$EventMessageConfirm","confirm":"7f8014f9-53d0-49ce-a84f-783b31f2cf0e","ts":"2025-12-30T18:21:40.588+00:00","source":{"id":"0","name":"eventBus"}}
{"__type":"$$EventMessageWorkflow","id":"96ccb270-91a1-4e5c-874f-e8ffed2cc78b","ts":"2025-12-30T18:36:23.389+00:00","eventName":"n8n.workflow.started","message":"n8n.workflow.started","payload":{"executionId":"15","workflowId":"IbYYeoofYQ7kFBCS","isManual":false,"workflowName":"Peak Analyse - Test"}}
{"__type":"$$EventMessageConfirm","confirm":"96ccb270-91a1-4e5c-874f-e8ffed2cc78b","ts":"2025-12-30T18:36:23.389+00:00","source":{"id":"0","name":"eventBus"}}
{"__type":"$$EventMessageNode","id":"ea226f0b-c62d-46dc-84be-87cb58a4f53a","ts":"2025-12-30T18:36:23.394+00:00","eventName":"n8n.node.started","message":"n8n.node.started","payload":{"workflowId":"IbYYeoofYQ7kFBCS","workflowName":"Peak Analyse - Test","executionId":"15","nodeType":"n8n-nodes-base.httpRequest","nodeName":"HTTP Request","nodeId":"91be1575-427f-4055-8199-d1ec85bb9eab"}}
{"__type":"$$EventMessageConfirm","confirm":"ea226f0b-c62d-46dc-84be-87cb58a4f53a","ts":"2025-12-30T18:36:23.394+00:00","source":{"id":"0","name":"eventBus"}}
{"__type":"$$EventMessageNode","id":"b1203940-2c60-4b1d-836a-2ab7ae155875","ts":"2025-12-30T13:36:24.021-05:00","eventName":"n8n.node.finished","message":"n8n.node.finished","payload":{"workflowId":"IbYYeoofYQ7kFBCS","workflowName":"Peak Analyse - Test","executionId":"15","nodeType":"n8n-nodes-base.httpRequest","nodeName":"HTTP Request","nodeId":"91be1575-427f-4055-8199-d1ec85bb9eab"}}
{"__type":"$$EventMessageConfirm","confirm":"b1203940-2c60-4b1d-836a-2ab7ae155875","ts":"2025-12-30T13:36:24.022-05:00","source":{"id":"0","name":"eventBus"}}
{"__type":"$$EventMessageWorkflow","id":"84a3e391-2866-4122-9658-a3f0add339ae","ts":"2025-12-30T13:36:24.026-05:00","eventName":"n8n.workflow.failed","message":"n8n.workflow.failed","payload":{"userId":"69ba50e5-0603-42ac-a582-21cbb9d588be","executionId":"15","success":false,"isManual":true,"workflowId":"IbYYeoofYQ7kFBCS","workflowName":"Peak Analyse - Test","lastNodeExecuted":"HTTP Request","errorNodeType":"n8n-nodes-base.httpRequest","errorMessage":"Your request is invalid or could not be processed by the service"}}
{"__type":"$$EventMessageConfirm","confirm":"84a3e391-2866-4122-9658-a3f0add339ae","ts":"2025-12-30T13:36:24.026-05:00","source":{"id":"0","name":"eventBus"}}
{"__type":"$$EventMessageWorkflow","id":"cb835444-2625-47b2-83cf-c28e62d07479","ts":"2025-12-30T13:57:33.591-05:00","eventName":"n8n.workflow.started","message":"n8n.workflow.started","payload":{"executionId":"16","workflowId":"IbYYeoofYQ7kFBCS","isManual":false,"workflowName":"Peak Analyse - Test"}}
{"__type":"$$EventMessageConfirm","confirm":"cb835444-2625-47b2-83cf-c28e62d07479","ts":"2025-12-30T13:57:33.592-05:00","source":{"id":"0","name":"eventBus"}}
{"__type":"$$EventMessageNode","id":"22e439f9-d418-42e5-99e1-2e934c0145e5","ts":"2025-12-30T13:57:33.597-05:00","eventName":"n8n.node.started","message":"n8n.node.started","payload":{"workflowId":"IbYYeoofYQ7kFBCS","workflowName":"Peak Analyse - Test","executionId":"16","nodeType":"n8n-nodes-base.httpRequest","nodeName":"HTTP Request","nodeId":"91be1575-427f-4055-8199-d1ec85bb9eab"}}
{"__type":"$$EventMessageConfirm","confirm":"22e439f9-d418-42e5-99e1-2e934c0145e5","ts":"2025-12-30T13:57:33.598-05:00","source":{"id":"0","name":"eventBus"}}
{"__type":"$$EventMessageNode","id":"532c06f0-7892-4835-814c-ff1ceabd5392","ts":"2025-12-30T13:57:34.619-05:00","eventName":"n8n.node.finished","message":"n8n.node.finished","payload":{"workflowId":"IbYYeoofYQ7kFBCS","workflowName":"Peak Analyse - Test","executionId":"16","nodeType":"n8n-nodes-base.httpRequest","nodeName":"HTTP Request","nodeId":"91be1575-427f-4055-8199-d1ec85bb9eab"}}
{"__type":"$$EventMessageConfirm","confirm":"532c06f0-7892-4835-814c-ff1ceabd5392","ts":"2025-12-30T13:57:34.619-05:00","source":{"id":"0","name":"eventBus"}}
{"__type":"$$EventMessageWorkflow","id":"77927c48-8bad-4aaf-96b0-4cb7daa23625","ts":"2025-12-30T13:57:34.628-05:00","eventName":"n8n.workflow.success","message":"n8n.workflow.success","payload":{"userId":"69ba50e5-0603-42ac-a582-21cbb9d588be","executionId":"16","success":true,"isManual":true,"workflowId":"IbYYeoofYQ7kFBCS","workflowName":"Peak Analyse - Test"}}
{"__type":"$$EventMessageConfirm","confirm":"77927c48-8bad-4aaf-96b0-4cb7daa23625","ts":"2025-12-30T13:57:34.628-05:00","source":{"id":"0","name":"eventBus"}}
